2025-12-23 10:03:56,164 [PID 3443] INFO No binary specified, looking for `pyre.bin` in PATH
2025-12-23 10:03:56,164 [PID 3443] INFO Pyre binary is located at `/home/runner/.local/bin/pyre.bin`
2025-12-23 10:03:56,165 [PID 3443] ERROR Invalid configuration: Cannot find any source files to analyze. Either `source_directories` or `targets` must be specified.
2025-12-23 10:04:20,793 [PID 3457] INFO No binary specified, looking for `pyre.bin` in PATH
2025-12-23 10:04:20,793 [PID 3457] INFO Pyre binary is located at `/home/runner/.local/bin/pyre.bin`
2025-12-23 10:04:20,793 [PID 3457] INFO Could not determine the number of Pyre workers from configuration. Auto-set the value to 1.
2025-12-23 10:04:20,793 [PID 3457] INFO Consider setting the `--sequential` flag instead when the number of parallel workers is not greater than 1.
2025-12-23 10:04:20,793 [PID 3457] WARNING '/home/runner/work/balance/balance/stubs' does not match any paths.
2025-12-23 10:04:20,794 [PID 3457] ERROR Invalid configuration: Invalid path SimpleRawElement(root='/home/runner/work/balance/balance/stubs'): does not exist.
2025-12-23 10:04:32,784 [PID 3467] INFO No binary specified, looking for `pyre.bin` in PATH
2025-12-23 10:04:32,784 [PID 3467] INFO Pyre binary is located at `/home/runner/.local/bin/pyre.bin`
2025-12-23 10:04:32,785 [PID 3467] INFO Could not determine the number of Pyre workers from configuration. Auto-set the value to 1.
2025-12-23 10:04:32,785 [PID 3467] INFO Consider setting the `--sequential` flag instead when the number of parallel workers is not greater than 1.
2025-12-23 10:04:32,785 [PID 3467] INFO No typeshed specified, looking for it...
2025-12-23 10:04:32,785 [PID 3467] DEBUG Could not find bundled typeshed. Try importing typeshed directly...
2025-12-23 10:04:32,785 [PID 3467] ERROR `import typeshed` failed.
2025-12-23 10:04:32,785 [PID 3467] WARNING Could not find a suitable typeshed. Types for Python builtins and standard libraries may be missing!
2025-12-23 10:04:32,786 [PID 3467] INFO Writing arguments into /tmp/pyre_arguments_0nj5oak_.json...
2025-12-23 10:04:32,786 [PID 3467] DEBUG Arguments:
{
  "source_paths": {
    "kind": "simple",
    "paths": [
      "/home/runner/work/balance/balance/balance"
    ]
  },
  "search_paths": [],
  "excludes": [],
  "checked_directory_allowlist": [
    "/home/runner/work/balance/balance/balance"
  ],
  "checked_directory_blocklist": [],
  "extensions": [],
  "log_path": "/home/runner/work/balance/balance/.pyre",
  "global_root": "/home/runner/work/balance/balance",
  "debug": false,
  "python_version": {
    "major": 3,
    "minor": 12,
    "micro": 3
  },
  "system_platform": "linux",
  "shared_memory": {},
  "parallel": true,
  "number_of_workers": 1,
  "additional_logging_sections": [
    "-progress"
  ],
  "show_error_traces": false,
  "strict": false
}
2025-12-23 10:04:32,807 [PID 3467] PERFORMANCE  Initialized shared memory (heap size: 8589934592, dep table pow: 1, hash table pow: 26): 0.001s
2025-12-23 10:04:32,807 [PID 3467] PERFORMANCE  Initialized multiprocessing workers (workers: 1): 0.000s
2025-12-23 10:04:32,807 [PID 3467] INFO  Building module tracker...
2025-12-23 10:04:32,807 [PID 3467] PERFORMANCE  Module tracker built: 0.000s
2025-12-23 10:04:32,807 [PID 3467] PERFORMANCE  Full environment built: 0.000s
2025-12-23 10:04:32,807 [PID 3467] INFO  Collecting all definitions...
2025-12-23 10:04:33,101 [PID 3467] PERFORMANCE  Collected definitions (defines: 299): 0.296s
2025-12-23 10:04:33,101 [PID 3467] INFO  Checking 299 functions...
2025-12-23 10:04:33,566 [PID 3467] PERFORMANCE  Check_TypeCheck: 0.464s
2025-12-23 10:04:33,567 [PID 3467] MEMORY  Shared memory size post-typecheck (size: 1)
2025-12-23 10:04:33,688 [PID 3467] PERFORMANCE  Check_Postprocessing: 0.117s
2025-12-23 10:04:33,688 [PID 3467] PERFORMANCE  Check (request kind: FullCheck): 0.879s
2025-12-23 10:04:33,725 [PID 3467] ERROR Found 739 type errors!
2025-12-23 10:04:42,056 [PID 3481] INFO No binary specified, looking for `pyre.bin` in PATH
2025-12-23 10:04:42,056 [PID 3481] INFO Pyre binary is located at `/home/runner/.local/bin/pyre.bin`
2025-12-23 10:04:42,056 [PID 3481] INFO Could not determine the number of Pyre workers from configuration. Auto-set the value to 1.
2025-12-23 10:04:42,056 [PID 3481] INFO Consider setting the `--sequential` flag instead when the number of parallel workers is not greater than 1.
2025-12-23 10:04:42,056 [PID 3481] INFO No typeshed specified, looking for it...
2025-12-23 10:04:42,056 [PID 3481] DEBUG Could not find bundled typeshed. Try importing typeshed directly...
2025-12-23 10:04:42,057 [PID 3481] ERROR `import typeshed` failed.
2025-12-23 10:04:42,057 [PID 3481] WARNING Could not find a suitable typeshed. Types for Python builtins and standard libraries may be missing!
2025-12-23 10:04:42,057 [PID 3481] INFO Writing arguments into /tmp/pyre_arguments_cpkzdi29.json...
2025-12-23 10:04:42,057 [PID 3481] DEBUG Arguments:
{
  "source_paths": {
    "kind": "simple",
    "paths": [
      "/home/runner/work/balance/balance/balance"
    ]
  },
  "search_paths": [],
  "excludes": [],
  "checked_directory_allowlist": [
    "/home/runner/work/balance/balance/balance"
  ],
  "checked_directory_blocklist": [],
  "extensions": [],
  "log_path": "/home/runner/work/balance/balance/.pyre",
  "global_root": "/home/runner/work/balance/balance",
  "debug": false,
  "python_version": {
    "major": 3,
    "minor": 12,
    "micro": 3
  },
  "system_platform": "linux",
  "shared_memory": {},
  "parallel": true,
  "number_of_workers": 1,
  "additional_logging_sections": [
    "-progress"
  ],
  "show_error_traces": false,
  "strict": false
}
2025-12-23 10:04:42,078 [PID 3481] PERFORMANCE  Initialized shared memory (heap size: 8589934592, dep table pow: 1, hash table pow: 26): 0.001s
2025-12-23 10:04:42,078 [PID 3481] PERFORMANCE  Initialized multiprocessing workers (workers: 1): 0.000s
2025-12-23 10:04:42,078 [PID 3481] INFO  Building module tracker...
2025-12-23 10:04:42,078 [PID 3481] PERFORMANCE  Module tracker built: 0.000s
2025-12-23 10:04:42,078 [PID 3481] PERFORMANCE  Full environment built: 0.000s
2025-12-23 10:04:42,078 [PID 3481] INFO  Collecting all definitions...
2025-12-23 10:04:42,371 [PID 3481] PERFORMANCE  Collected definitions (defines: 299): 0.293s
2025-12-23 10:04:42,371 [PID 3481] INFO  Checking 299 functions...
2025-12-23 10:04:42,836 [PID 3481] PERFORMANCE  Check_TypeCheck: 0.459s
2025-12-23 10:04:42,836 [PID 3481] MEMORY  Shared memory size post-typecheck (size: 1)
2025-12-23 10:04:42,947 [PID 3481] PERFORMANCE  Check_Postprocessing: 0.115s
2025-12-23 10:04:42,948 [PID 3481] PERFORMANCE  Check (request kind: FullCheck): 0.869s
2025-12-23 10:04:42,984 [PID 3481] ERROR Found 739 type errors!
2025-12-23 10:05:15,846 [PID 3512] INFO No binary specified, looking for `pyre.bin` in PATH
2025-12-23 10:05:15,846 [PID 3512] INFO Pyre binary is located at `/home/runner/.local/bin/pyre.bin`
2025-12-23 10:05:15,847 [PID 3512] INFO Could not determine the number of Pyre workers from configuration. Auto-set the value to 1.
2025-12-23 10:05:15,847 [PID 3512] INFO Consider setting the `--sequential` flag instead when the number of parallel workers is not greater than 1.
2025-12-23 10:05:15,847 [PID 3512] INFO No typeshed specified, looking for it...
2025-12-23 10:05:15,847 [PID 3512] DEBUG Could not find bundled typeshed. Try importing typeshed directly...
2025-12-23 10:05:15,847 [PID 3512] ERROR `import typeshed` failed.
2025-12-23 10:05:15,847 [PID 3512] WARNING Could not find a suitable typeshed. Types for Python builtins and standard libraries may be missing!
2025-12-23 10:05:15,848 [PID 3512] INFO Writing arguments into /tmp/pyre_arguments_jyw063qg.json...
2025-12-23 10:05:15,848 [PID 3512] DEBUG Arguments:
{
  "source_paths": {
    "kind": "simple",
    "paths": [
      "/home/runner/work/balance/balance/balance",
      "/home/runner/work/balance/balance/tests"
    ]
  },
  "search_paths": [],
  "excludes": [],
  "checked_directory_allowlist": [
    "/home/runner/work/balance/balance/tests",
    "/home/runner/work/balance/balance/balance"
  ],
  "checked_directory_blocklist": [],
  "extensions": [],
  "log_path": "/home/runner/work/balance/balance/.pyre",
  "global_root": "/home/runner/work/balance/balance",
  "debug": false,
  "python_version": {
    "major": 3,
    "minor": 12,
    "micro": 3
  },
  "system_platform": "linux",
  "shared_memory": {},
  "parallel": true,
  "number_of_workers": 1,
  "additional_logging_sections": [
    "-progress"
  ],
  "show_error_traces": false,
  "strict": true
}
2025-12-23 10:05:15,869 [PID 3512] PERFORMANCE  Initialized shared memory (heap size: 8589934592, dep table pow: 1, hash table pow: 26): 0.001s
2025-12-23 10:05:15,869 [PID 3512] PERFORMANCE  Initialized multiprocessing workers (workers: 1): 0.000s
2025-12-23 10:05:15,869 [PID 3512] INFO  Building module tracker...
2025-12-23 10:05:15,869 [PID 3512] PERFORMANCE  Module tracker built: 0.001s
2025-12-23 10:05:15,869 [PID 3512] PERFORMANCE  Full environment built: 0.001s
2025-12-23 10:05:15,869 [PID 3512] INFO  Collecting all definitions...
2025-12-23 10:05:16,507 [PID 3512] PERFORMANCE  Collected definitions (defines: 916): 0.631s
2025-12-23 10:05:16,507 [PID 3512] INFO  Checking 916 functions...
2025-12-23 10:05:17,479 [PID 3512] PERFORMANCE  Check_TypeCheck: 0.971s
2025-12-23 10:05:17,479 [PID 3512] MEMORY  Shared memory size post-typecheck (size: 3)
2025-12-23 10:05:17,671 [PID 3512] PERFORMANCE  Check_Postprocessing: 0.199s
2025-12-23 10:05:17,672 [PID 3512] PERFORMANCE  Check (request kind: FullCheck): 1.804s
2025-12-23 10:05:17,776 [PID 3512] ERROR Found 2311 type errors!
2025-12-23 10:05:29,186 [PID 3531] INFO No binary specified, looking for `pyre.bin` in PATH
2025-12-23 10:05:29,186 [PID 3531] INFO Pyre binary is located at `/home/runner/.local/bin/pyre.bin`
2025-12-23 10:05:29,187 [PID 3531] INFO Could not determine the number of Pyre workers from configuration. Auto-set the value to 1.
2025-12-23 10:05:29,187 [PID 3531] INFO Consider setting the `--sequential` flag instead when the number of parallel workers is not greater than 1.
2025-12-23 10:05:29,187 [PID 3531] INFO No typeshed specified, looking for it...
2025-12-23 10:05:29,187 [PID 3531] DEBUG Could not find bundled typeshed. Try importing typeshed directly...
2025-12-23 10:05:29,187 [PID 3531] ERROR `import typeshed` failed.
2025-12-23 10:05:29,187 [PID 3531] WARNING Could not find a suitable typeshed. Types for Python builtins and standard libraries may be missing!
2025-12-23 10:05:29,187 [PID 3531] INFO Writing arguments into /tmp/pyre_arguments_w_f61nkp.json...
2025-12-23 10:05:29,188 [PID 3531] DEBUG Arguments:
{
  "source_paths": {
    "kind": "simple",
    "paths": [
      "/home/runner/work/balance/balance/balance",
      "/home/runner/work/balance/balance/tests"
    ]
  },
  "search_paths": [],
  "excludes": [],
  "checked_directory_allowlist": [
    "/home/runner/work/balance/balance/balance",
    "/home/runner/work/balance/balance/tests"
  ],
  "checked_directory_blocklist": [],
  "extensions": [],
  "log_path": "/home/runner/work/balance/balance/.pyre",
  "global_root": "/home/runner/work/balance/balance",
  "debug": false,
  "python_version": {
    "major": 3,
    "minor": 12,
    "micro": 3
  },
  "system_platform": "linux",
  "shared_memory": {},
  "parallel": true,
  "number_of_workers": 1,
  "additional_logging_sections": [
    "-progress"
  ],
  "show_error_traces": false,
  "strict": true
}
2025-12-23 10:05:29,208 [PID 3531] PERFORMANCE  Initialized shared memory (heap size: 8589934592, dep table pow: 1, hash table pow: 26): 0.001s
2025-12-23 10:05:29,209 [PID 3531] PERFORMANCE  Initialized multiprocessing workers (workers: 1): 0.000s
2025-12-23 10:05:29,209 [PID 3531] INFO  Building module tracker...
2025-12-23 10:05:29,209 [PID 3531] PERFORMANCE  Module tracker built: 0.001s
2025-12-23 10:05:29,209 [PID 3531] PERFORMANCE  Full environment built: 0.001s
2025-12-23 10:05:29,209 [PID 3531] INFO  Collecting all definitions...
2025-12-23 10:05:29,846 [PID 3531] PERFORMANCE  Collected definitions (defines: 916): 0.630s
2025-12-23 10:05:29,847 [PID 3531] INFO  Checking 916 functions...
2025-12-23 10:05:30,777 [PID 3531] PERFORMANCE  Check_TypeCheck: 0.930s
2025-12-23 10:05:30,777 [PID 3531] MEMORY  Shared memory size post-typecheck (size: 3)
2025-12-23 10:05:30,969 [PID 3531] PERFORMANCE  Check_Postprocessing: 0.197s
2025-12-23 10:05:30,969 [PID 3531] PERFORMANCE  Check (request kind: FullCheck): 1.759s
2025-12-23 10:05:31,074 [PID 3531] ERROR Found 2311 type errors!
